\BOOKMARK [1][-]{section*.1}{\376\377\000A\000b\000s\000t\000r\000a\000c\000t}{}% 1
\BOOKMARK [1][-]{section*.2}{\376\377\000D\000a\000t\000a\000\040\000E\000x\000p\000l\000o\000r\000a\000t\000i\000o\000n}{}% 2
\BOOKMARK [2][-]{section*.3}{\376\377\000A\000s\000s\000u\000m\000p\000t\000i\000o\000n\000s\000\040\000f\000o\000r\000\040\000L\000o\000g\000i\000s\000t\000i\000c\000a\000l\000\040\000R\000e\000g\000r\000e\000s\000s\000i\000o\000n}{section*.2}% 3
\BOOKMARK [2][-]{section*.4}{\376\377\000S\000u\000m\000m\000a\000r\000y\000\040\000S\000t\000a\000t\000i\000s\000t\000i\000c\000s}{section*.2}% 4
\BOOKMARK [2][-]{section*.5}{\376\377\000C\000o\000r\000r\000e\000l\000a\000t\000i\000o\000n}{section*.2}% 5
\BOOKMARK [2][-]{section*.6}{\376\377\000D\000a\000t\000a\000\040\000s\000t\000r\000u\000c\000t\000u\000r\000e}{section*.2}% 6
\BOOKMARK [2][-]{section*.7}{\376\377\000M\000i\000s\000s\000i\000n\000g\000\040\000v\000a\000l\000u\000e\000s}{section*.2}% 7
\BOOKMARK [2][-]{section*.8}{\376\377\000V\000i\000s\000u\000l\000i\000z\000a\000t\000i\000o\000n\000\040\000o\000f\000\040\000t\000h\000e\000\040\000d\000a\000t\000a\000\040\000s\000e\000t}{section*.2}% 8
\BOOKMARK [1][-]{section*.9}{\376\377\000D\000a\000t\000a\000\040\000P\000r\000e\000p\000a\000r\000a\000t\000i\000o\000n}{}% 9
\BOOKMARK [2][-]{section*.10}{\376\377\000C\000r\000o\000s\000s\000\040\000V\000a\000l\000i\000d\000a\000t\000i\000o\000n}{section*.9}% 10
\BOOKMARK [2][-]{section*.11}{\376\377\000O\000u\000t\000l\000i\000e\000r\000s}{section*.9}% 11
\BOOKMARK [2][-]{section*.12}{\376\377\000B\000u\000c\000k\000e\000t\000s}{section*.9}% 12
\BOOKMARK [2][-]{section*.13}{\376\377\000N\000e\000w\000\040\000V\000a\000r\000i\000a\000b\000l\000e\000s}{section*.9}% 13
\BOOKMARK [1][-]{section*.14}{\376\377\000L\000o\000g\000i\000s\000t\000i\000c\000a\000l\000\040\000M\000o\000d\000e\000l\000\040\000B\000u\000i\000l\000d\000i\000n\000g}{}% 14
\BOOKMARK [2][-]{section*.15}{\376\377\000M\000o\000d\000e\000l\000\040\0001\000\040\000-\000\040\000F\000u\000l\000l\000\040\000M\000o\000d\000e\000l}{section*.14}% 15
\BOOKMARK [2][-]{section*.16}{\376\377\000M\000o\000d\000e\000l\000\040\0002\000\040\000-\000\040\000S\000e\000l\000e\000c\000t\000i\000o\000n\000\040\000b\000y\000\040\000P\000-\000V\000a\000l\000u\000e\000s\000\040\000a\000n\000d\000\040\000M\000u\000l\000t\000i\000c\000o\000l\000l\000i\000n\000e\000a\000r\000i\000t\000y}{section*.14}% 16
\BOOKMARK [2][-]{section*.17}{\376\377\000M\000o\000d\000e\000l\000\040\0003\000\040\000-\000\040\000B\000a\000c\000k\000w\000a\000r\000d\000\040\000S\000e\000l\000e\000c\000t\000i\000o\000n\000\040\000f\000r\000o\000m\000\040\000F\000u\000l\000l\000\040\000M\000o\000d\000e\000l}{section*.14}% 17
\BOOKMARK [2][-]{section*.18}{\376\377\000M\000o\000d\000e\000l\000\040\0004\000\040\000-\000\040\000F\000o\000r\000w\000a\000r\000d\000\040\000\046\000\040\000B\000a\000c\000k\000w\000a\000r\000d\000\040\000S\000t\000e\000p\000w\000i\000s\000e\000\040\000f\000r\000o\000m\000\040\000N\000o\000\040\000F\000e\000a\000t\000u\000r\000e\000s}{section*.14}% 18
\BOOKMARK [1][-]{section*.19}{\376\377\000M\000o\000d\000e\000l\000\040\000S\000e\000l\000e\000c\000t\000i\000o\000n}{}% 19
\BOOKMARK [2][-]{section*.20}{\376\377\000S\000e\000l\000e\000c\000t\000e\000d\000\040\000M\000o\000d\000e\000l\000\040\000P\000r\000e\000d\000i\000c\000t\000e\000d\000\040\000V\000s\000.\000\040\000A\000c\000t\000u\000a\000l}{section*.19}% 20
\BOOKMARK [1][-]{section*.21}{\376\377\000C\000o\000n\000c\000l\000u\000s\000i\000o\000n\000s\000\040\000a\000n\000d\000\040\000F\000i\000n\000a\000l\000\040\000T\000h\000o\000u\000g\000h\000t\000s}{}% 21
\BOOKMARK [1][-]{section*.22}{\376\377\000R\000e\000f\000e\000r\000e\000n\000c\000e\000s}{}% 22
\BOOKMARK [1][-]{section*.23}{\376\377\000A\000p\000p\000e\000n\000d\000i\000x}{}% 23
